\BOOKMARK [0][-]{chapter.1}{Vorwort}{}% 1
\BOOKMARK [0][-]{chapter.2}{Einleitung}{}% 2
\BOOKMARK [1][-]{section.2.1}{Hypothese}{chapter.2}% 3
\BOOKMARK [1][-]{section.2.2}{Grundlagen zur Robotik}{chapter.2}% 4
\BOOKMARK [2][-]{subsection.2.2.1}{Begriffserkl\344rung}{section.2.2}% 5
\BOOKMARK [2][-]{subsection.2.2.2}{R\374ckblick in die Geschichte}{section.2.2}% 6
\BOOKMARK [0][-]{chapter.3}{Hauptteil}{}% 7
\BOOKMARK [1][-]{section.3.1}{Einsatz von Robotern}{chapter.3}% 8
\BOOKMARK [2][-]{subsection.3.1.1}{Anwendungsbeispiele}{section.3.1}% 9
\BOOKMARK [2][-]{subsection.3.1.2}{Perspektiven}{section.3.1}% 10
\BOOKMARK [1][-]{section.3.2}{Experiment: Bau eines Roboters}{chapter.3}% 11
\BOOKMARK [2][-]{subsection.3.2.1}{Komponenten}{section.3.2}% 12
\BOOKMARK [2][-]{subsection.3.2.2}{Aufbauplan}{section.3.2}% 13
\BOOKMARK [2][-]{subsection.3.2.3}{Durchf\374hrung}{section.3.2}% 14
\BOOKMARK [0][-]{chapter.4}{Fazit}{}% 15
\BOOKMARK [0][-]{chapter.5}{Anhang}{}% 16
\BOOKMARK [1][-]{section.5.1}{Literaturverzeichnis}{chapter.5}% 17
\BOOKMARK [1][-]{section.5.2}{Nachweis der Arbeitskontakte}{chapter.5}% 18
\BOOKMARK [1][-]{section.5.3}{Anlagen}{chapter.5}% 19
\BOOKMARK [1][-]{section.5.4}{Selbst\344ndigkeitserkl\344rung}{chapter.5}% 20
